#
# There is insufficient memory for the Java Runtime Environment to continue.
# Native memory allocation (malloc) failed to allocate 1048576 bytes for AllocateHeap
# Possible reasons:
#   The system is out of physical RAM or swap space
#   In 32 bit mode, the process size limit was hit
# Possible solutions:
#   Reduce memory load on the system
#   Increase physical memory or swap space
#   Check if swap backing store is full
#   Use 64 bit Java on a 64 bit OS
#   Decrease Java heap size (-Xmx/-Xms)
#   Decrease number of Java threads
#   Decrease Java thread stack sizes (-Xss)
#   Set larger code cache with -XX:ReservedCodeCacheSize=
# This output file may be truncated or incomplete.
#
#  Out of Memory Error (memory/allocation.inline.hpp:61), pid=15704, tid=0x0000000000001b2c
#
# JRE version:  (8.0_181-b13) (build )
# Java VM: Java HotSpot(TM) 64-Bit Server VM (25.181-b13 mixed mode windows-amd64 compressed oops)
# Failed to write core dump. Minidumps are not enabled by default on client versions of Windows
#

---------------  T H R E A D  ---------------

Current thread (0x0000000002aae000):  JavaThread "Unknown thread" [_thread_in_vm, id=6956, stack(0x0000000002ab0000,0x0000000002bb0000)]

Stack: [0x0000000002ab0000,0x0000000002bb0000]
[error occurred during error reporting (printing stack bounds), id 0xc0000005]

Native frames: (J=compiled Java code, j=interpreted, Vv=VM code, C=native code)


---------------  P R O C E S S  ---------------

Java Threads: ( => current thread )

Other Threads:

=>0x0000000002aae000 (exited) JavaThread "Unknown thread" [_thread_in_vm, id=6956, stack(0x0000000002ab0000,0x0000000002bb0000)]

VM state:not at safepoint (normal execution)

VM Mutex/Monitor currently owned by a thread: None

Heap:
 PSYoungGen      total 37888K, used 655K [0x00000000d6100000, 0x00000000d8b00000, 0x0000000100000000)
  eden space 32768K, 2% used [0x00000000d6100000,0x00000000d61a3d80,0x00000000d8100000)
  from space 5120K, 0% used [0x00000000d8600000,0x00000000d8600000,0x00000000d8b00000)
  to   space 5120K, 0% used [0x00000000d8100000,0x00000000d8100000,0x00000000d8600000)
 ParOldGen       total 86016K, used 0K [0x0000000082200000, 0x0000000087600000, 0x00000000d6100000)
  object space 86016K, 0% used [0x0000000082200000,0x0000000082200000,0x0000000087600000)
 Metaspace       used 751K, capacity 4480K, committed 4480K, reserved 1056768K
  class space    used 76K, capacity 384K, committed 384K, reserved 1048576K

Card table byte_map: [0x0000000012070000,0x0000000012460000] byte_map_base: 0x0000000011c5f000

Marking Bits: (ParMarkBitMap*) 0x0000000076be2d00
 Begin Bits: [0x0000000012b00000, 0x0000000014a78000)
 End Bits:   [0x0000000014a78000, 0x00000000169f0000)

Polling page: 0x0000000000d10000

CodeCache: size=245760Kb used=328Kb max_used=328Kb free=245431Kb
 bounds [0x0000000002cb0000, 0x0000000002f20000, 0x0000000011cb0000]
 total_blobs=58 nmethods=0 adapters=38
 compilation: enabled

Compilation events (0 events):
No events

GC Heap History (0 events):
No events

Deoptimization events (0 events):
No events

Classes redefined (0 events):
No events

Internal exceptions (0 events):
No events

Events (10 events):
Event: 0.056 loading class java/lang/Short
Event: 0.056 loading class java/lang/Short done
Event: 0.056 loading class java/lang/Integer
Event: 0.056 loading class java/lang/Integer done
Event: 0.056 loading class java/lang/Long
Event: 0.057 loading class java/lang/Long done
Event: 0.060 loading class java/lang/NullPointerException
Event: 0.060 loading class java/lang/NullPointerException done
Event: 0.060 loading class java/lang/ArithmeticException
Event: 0.061 loading class java/lang/ArithmeticException done


Dynamic libraries:
0x00007ff703170000 - 0x00007ff7031a7000 	C:\Program Files\Java\jre1.8.0_181\bin\javaw.exe
0x00007ffc5ad20000 - 0x00007ffc5af10000 	C:\WINDOWS\SYSTEM32\ntdll.dll
0x00007ffc5a1c0000 - 0x00007ffc5a272000 	C:\WINDOWS\System32\KERNEL32.DLL
0x00007ffc57c90000 - 0x00007ffc57f35000 	C:\WINDOWS\System32\KERNELBASE.dll
0x00007ffc5ac30000 - 0x00007ffc5acd3000 	C:\WINDOWS\System32\ADVAPI32.dll
0x00007ffc59420000 - 0x00007ffc594be000 	C:\WINDOWS\System32\msvcrt.dll
0x00007ffc5ab90000 - 0x00007ffc5ac27000 	C:\WINDOWS\System32\sechost.dll
0x00007ffc59920000 - 0x00007ffc59a3f000 	C:\WINDOWS\System32\RPCRT4.dll
0x00007ffc59690000 - 0x00007ffc59824000 	C:\WINDOWS\System32\USER32.dll
0x00007ffc58da0000 - 0x00007ffc58dc1000 	C:\WINDOWS\System32\win32u.dll
0x00007ffc59b10000 - 0x00007ffc59b36000 	C:\WINDOWS\System32\GDI32.dll
0x00007ffc57f40000 - 0x00007ffc580d8000 	C:\WINDOWS\System32\gdi32full.dll
0x00007ffc58340000 - 0x00007ffc583de000 	C:\WINDOWS\System32\msvcp_win.dll
0x00007ffc580e0000 - 0x00007ffc581da000 	C:\WINDOWS\System32\ucrtbase.dll
0x00007ffc41a40000 - 0x00007ffc41cc4000 	C:\WINDOWS\WinSxS\amd64_microsoft.windows.common-controls_6595b64144ccf1df_6.0.18362.1440_none_9e7dbfb9e45e8e67\COMCTL32.dll
0x00007ffc59be0000 - 0x00007ffc59f16000 	C:\WINDOWS\System32\combase.dll
0x00007ffc582b0000 - 0x00007ffc58331000 	C:\WINDOWS\System32\bcryptPrimitives.dll
0x00007ffc59bb0000 - 0x00007ffc59bde000 	C:\WINDOWS\System32\IMM32.DLL
0x00000000777c0000 - 0x0000000077892000 	C:\Program Files\Java\jre1.8.0_181\bin\msvcr100.dll
0x00000000763c0000 - 0x0000000076c62000 	C:\Program Files\Java\jre1.8.0_181\bin\server\jvm.dll
0x00007ffc5a430000 - 0x00007ffc5a438000 	C:\WINDOWS\System32\PSAPI.DLL
0x00007ffc55e50000 - 0x00007ffc55e59000 	C:\WINDOWS\SYSTEM32\WSOCK32.dll
0x00007ffc539d0000 - 0x00007ffc539f4000 	C:\WINDOWS\SYSTEM32\WINMM.dll
0x00007ffc59f20000 - 0x00007ffc59f8f000 	C:\WINDOWS\System32\WS2_32.dll
0x00007ffc47830000 - 0x00007ffc4783a000 	C:\WINDOWS\SYSTEM32\VERSION.dll
0x00007ffc53990000 - 0x00007ffc539bd000 	C:\WINDOWS\SYSTEM32\winmmbase.dll
0x00007ffc58b60000 - 0x00007ffc58baa000 	C:\WINDOWS\System32\cfgmgr32.dll
0x0000000077a20000 - 0x0000000077a2f000 	C:\Program Files\Java\jre1.8.0_181\bin\verify.dll
0x00000000779f0000 - 0x0000000077a19000 	C:\Program Files\Java\jre1.8.0_181\bin\java.dll
0x00000000779d0000 - 0x00000000779e6000 	C:\Program Files\Java\jre1.8.0_181\bin\zip.dll

VM Arguments:
jvm_args: -Dfile.encoding=Cp1252 
java_command: assignment4.MyClient
java_class_path (initial): C:\Users\Andrew\eclipse-workspace\Assignment4_EE422C_2\bin
Launcher Type: SUN_STANDARD

Environment Variables:
PATH=C:/Program Files/Java/jre1.8.0_181/bin/server;C:/Program Files/Java/jre1.8.0_181/bin;C:/Program Files/Java/jre1.8.0_181/lib/amd64;C:\Program Files (x86)\Common Files\Oracle\Java\javapath;C:\WINDOWS\system32;C:\WINDOWS;C:\WINDOWS\System32\Wbem;C:\WINDOWS\System32\WindowsPowerShell\v1.0\;C:\WINDOWS\System32\OpenSSH\;C:\Program Files\Intel\WiFi\bin\;C:\Program Files\Common Files\Intel\WirelessCommon\;C:\Program Files (x86)\National Instruments\Shared\LabVIEW CLI;C:\Program Files\LLVM\bin;C:\Program Files\MATLAB\R2019a\bin;C:\Program Files\PuTTY\;C:\Program Files\nodejs\;C:\Program Files\Git\cmd;C:\Users\Andrew\AppData\Local\Programs\Python\Python37-32\Scripts\;C:\Users\Andrew\AppData\Local\Programs\Python\Python37-32\;C:\Users\Andrew\AppData\Local\Microsoft\WindowsApps;C:\Users\Andrew\AppData\Local\GitHubDesktop\bin;C:\Users\Andrew\AppData\Local\atom\bin;C:\ProgramData\Andrew\atom\bin;C:\Users\Andrew\AppData\Local\Microsoft\WindowsApps;C:\MinGW\bin;;C:\Users\Andrew\AppData\Local\Programs\Microsoft VS Code\bin;C:\Users\Andrew\AppData\Roaming\npm;C:\WINDOWS\system32;
USERNAME=Andrew
OS=Windows_NT
PROCESSOR_IDENTIFIER=Intel64 Family 6 Model 78 Stepping 3, GenuineIntel



---------------  S Y S T E M  ---------------

OS: Windows 10.0 , 64 bit Build 18362 (10.0.18362.1350)

CPU:total 4 (initial active 4) (2 cores per cpu, 2 threads per core) family 6 model 78 stepping 3, cmov, cx8, fxsr, mmx, sse, sse2, sse3, ssse3, sse4.1, sse4.2, popcnt, avx, avx2, aes, clmul, erms, 3dnowpref, lzcnt, ht, tsc, tscinvbit, bmi1, bmi2, adx

Memory: 4k page, physical 8242460k(1115456k free), swap 17793112k(5548k free)

vm_info: Java HotSpot(TM) 64-Bit Server VM (25.181-b13) for windows-amd64 JRE (1.8.0_181-b13), built on Jul  7 2018 04:01:33 by "java_re" with MS VC++ 10.0 (VS2010)

time: Sat Apr 10 14:59:32 2021
elapsed time: 0 seconds (0d 0h 0m 0s)

